<?xml version="1.0" encoding="UTF-8" standalone="no"?>
<testsuite failures="1" name="cucumber.runtime.formatter.JUnitFormatter" skipped="0" tests="4" time="149.673622">
<testcase classname="To validate Booking Hotel page" name="To validate Booking Hotel page" time="50.205162">
<failure message="org.openqa.selenium.NoSuchElementException: no such element: Unable to locate element: {&quot;method&quot;:&quot;css selector&quot;,&quot;selector&quot;:&quot;#radiobutton_0&quot;}&#10;  (Session info: chrome=89.0.4389.90)&#10;For documentation on this error, please visit: https://www.seleniumhq.org/exceptions/no_such_element.html&#10;Build info: version: '3.141.59', revision: 'e82be7d358', time: '2018-11-14T08:17:03'&#10;System info: host: 'DESKTOP-47PN41M', ip: '192.168.1.8', os.name: 'Windows 10', os.arch: 'amd64', os.version: '10.0', java.version: '1.8.0_281'&#10;Driver info: org.openqa.selenium.chrome.ChromeDriver&#10;Capabilities {acceptInsecureCerts: false, browserName: chrome, browserVersion: 89.0.4389.90, chrome: {chromedriverVersion: 89.0.4389.23 (61b08ee2c5002..., userDataDir: C:\Users\SUREND~1\AppData\L...}, goog:chromeOptions: {debuggerAddress: localhost:52161}, javascriptEnabled: true, networkConnectionEnabled: false, pageLoadStrategy: normal, platform: WINDOWS, platformName: WINDOWS, proxy: Proxy(), setWindowRect: true, strictFileInteractability: false, timeouts: {implicit: 0, pageLoad: 300000, script: 30000}, unhandledPromptBehavior: dismiss and notify, webauthn:extension:largeBlob: true, webauthn:virtualAuthenticators: true}&#10;Session ID: d9aab66cd853630a1d62f100c64d11b9&#10;*** Element info: {Using=id, value=radiobutton_0}&#13;&#10;&#9;at sun.reflect.NativeConstructorAccessorImpl.newInstance0(Native Method)&#13;&#10;&#9;at sun.reflect.NativeConstructorAccessorImpl.newInstance(Unknown Source)&#13;&#10;&#9;at sun.reflect.DelegatingConstructorAccessorImpl.newInstance(Unknown Source)&#13;&#10;&#9;at java.lang.reflect.Constructor.newInstance(Unknown Source)&#13;&#10;&#9;at org.openqa.selenium.remote.http.W3CHttpResponseCodec.createException(W3CHttpResponseCodec.java:187)&#13;&#10;&#9;at org.openqa.selenium.remote.http.W3CHttpResponseCodec.decode(W3CHttpResponseCodec.java:122)&#13;&#10;&#9;at org.openqa.selenium.remote.http.W3CHttpResponseCodec.decode(W3CHttpResponseCodec.java:49)&#13;&#10;&#9;at org.openqa.selenium.remote.HttpCommandExecutor.execute(HttpCommandExecutor.java:158)&#13;&#10;&#9;at org.openqa.selenium.remote.service.DriverCommandExecutor.execute(DriverCommandExecutor.java:83)&#13;&#10;&#9;at org.openqa.selenium.remote.RemoteWebDriver.execute(RemoteWebDriver.java:552)&#13;&#10;&#9;at org.openqa.selenium.remote.RemoteWebDriver.findElement(RemoteWebDriver.java:323)&#13;&#10;&#9;at org.openqa.selenium.remote.RemoteWebDriver.findElementById(RemoteWebDriver.java:372)&#13;&#10;&#9;at org.openqa.selenium.By$ById.findElement(By.java:188)&#13;&#10;&#9;at org.openqa.selenium.remote.RemoteWebDriver.findElement(RemoteWebDriver.java:315)&#13;&#10;&#9;at org.openqa.selenium.support.pagefactory.DefaultElementLocator.findElement(DefaultElementLocator.java:69)&#13;&#10;&#9;at org.openqa.selenium.support.pagefactory.internal.LocatingElementHandler.invoke(LocatingElementHandler.java:38)&#13;&#10;&#9;at com.sun.proxy.$Proxy16.click(Unknown Source)&#13;&#10;&#9;at org.stepdefinition.BaseClass.btnClick(BaseClass.java:31)&#13;&#10;&#9;at org.stepdefinition.SelectHotel.user_should_be_able_to_select_hotel(SelectHotel.java:13)&#13;&#10;&#9;at ✽.User should be able to select hotel(file:src/test/resources/FeatureFiles/Booking.feature:12)&#13;&#10;"><![CDATA[Given User is in Adactin Login page.........................................passed
When User enter valid "Aadhvik3" and "karthik-5"............................passed
And User click Login button.................................................passed
Then User should be able to enter search hotel page.........................passed
And User should be able to enter "Sydney","Hotel Creek","Double","1"........passed
And User should be able to enter "19/03/2021","20/03/2021" dates............passed
And User should be able to enter "2","1" number.............................passed
And User should be able to click Search.....................................passed
And User should be able to select hotel.....................................failed
Then User click continue button.............................................skipped
And User enter "Suji","Karthik","Perambur"..................................skipped
And User enter "1234567890123456","VISA","11","2022","456"..................skipped
And User click BookNow button...............................................skipped
Then User should get OrderNumber............................................skipped

StackTrace:
org.openqa.selenium.NoSuchElementException: no such element: Unable to locate element: {"method":"css selector","selector":"#radiobutton_0"}
  (Session info: chrome=89.0.4389.90)
For documentation on this error, please visit: https://www.seleniumhq.org/exceptions/no_such_element.html
Build info: version: '3.141.59', revision: 'e82be7d358', time: '2018-11-14T08:17:03'
System info: host: 'DESKTOP-47PN41M', ip: '192.168.1.8', os.name: 'Windows 10', os.arch: 'amd64', os.version: '10.0', java.version: '1.8.0_281'
Driver info: org.openqa.selenium.chrome.ChromeDriver
Capabilities {acceptInsecureCerts: false, browserName: chrome, browserVersion: 89.0.4389.90, chrome: {chromedriverVersion: 89.0.4389.23 (61b08ee2c5002..., userDataDir: C:\Users\SUREND~1\AppData\L...}, goog:chromeOptions: {debuggerAddress: localhost:52161}, javascriptEnabled: true, networkConnectionEnabled: false, pageLoadStrategy: normal, platform: WINDOWS, platformName: WINDOWS, proxy: Proxy(), setWindowRect: true, strictFileInteractability: false, timeouts: {implicit: 0, pageLoad: 300000, script: 30000}, unhandledPromptBehavior: dismiss and notify, webauthn:extension:largeBlob: true, webauthn:virtualAuthenticators: true}
Session ID: d9aab66cd853630a1d62f100c64d11b9
*** Element info: {Using=id, value=radiobutton_0}
	at sun.reflect.NativeConstructorAccessorImpl.newInstance0(Native Method)
	at sun.reflect.NativeConstructorAccessorImpl.newInstance(Unknown Source)
	at sun.reflect.DelegatingConstructorAccessorImpl.newInstance(Unknown Source)
	at java.lang.reflect.Constructor.newInstance(Unknown Source)
	at org.openqa.selenium.remote.http.W3CHttpResponseCodec.createException(W3CHttpResponseCodec.java:187)
	at org.openqa.selenium.remote.http.W3CHttpResponseCodec.decode(W3CHttpResponseCodec.java:122)
	at org.openqa.selenium.remote.http.W3CHttpResponseCodec.decode(W3CHttpResponseCodec.java:49)
	at org.openqa.selenium.remote.HttpCommandExecutor.execute(HttpCommandExecutor.java:158)
	at org.openqa.selenium.remote.service.DriverCommandExecutor.execute(DriverCommandExecutor.java:83)
	at org.openqa.selenium.remote.RemoteWebDriver.execute(RemoteWebDriver.java:552)
	at org.openqa.selenium.remote.RemoteWebDriver.findElement(RemoteWebDriver.java:323)
	at org.openqa.selenium.remote.RemoteWebDriver.findElementById(RemoteWebDriver.java:372)
	at org.openqa.selenium.By$ById.findElement(By.java:188)
	at org.openqa.selenium.remote.RemoteWebDriver.findElement(RemoteWebDriver.java:315)
	at org.openqa.selenium.support.pagefactory.DefaultElementLocator.findElement(DefaultElementLocator.java:69)
	at org.openqa.selenium.support.pagefactory.internal.LocatingElementHandler.invoke(LocatingElementHandler.java:38)
	at com.sun.proxy.$Proxy16.click(Unknown Source)
	at org.stepdefinition.BaseClass.btnClick(BaseClass.java:31)
	at org.stepdefinition.SelectHotel.user_should_be_able_to_select_hotel(SelectHotel.java:13)
	at ✽.User should be able to select hotel(file:src/test/resources/FeatureFiles/Booking.feature:12)
]]></failure>
</testcase>
<testcase classname="To validate Login functionality" name="To validate Login functionality using valid credentials" time="32.16722">
<system-out><![CDATA[Given User is in Adactin Login page.........................................passed
When User enter valid "Aadhvik3" and "karthik-5"............................passed
And User click Login button.................................................passed
Then User should be able to enter search hotel page.........................passed
]]></system-out>
</testcase>
<testcase classname="To validate Search Hotel page" name="To validate Search Hotel page" time="41.861117">
<system-out><![CDATA[Given User is in Adactin Login page.........................................passed
When User enter valid "Aadhvik3" and "karthik-5"............................passed
And User click Login button.................................................passed
Then User should be able to enter search hotel page.........................passed
And User should be able to enter "Sydney","Hotel Creek","Double","1"........passed
And User should be able to enter "19/03/2021","20/03/2021" dates............passed
And User should be able to enter "2","1" number.............................passed
And User should be able to click Search.....................................passed
]]></system-out>
</testcase>
<testcase classname="To validate Select Hotel page" name="To validate Select Hotel page" time="25.440123">
<system-out><![CDATA[Given User is in Adactin Login page.........................................passed
When User enter valid "Aadhvik3" and "karthik-5"............................passed
And User click Login button.................................................passed
Then User should be able to enter search hotel page.........................passed
And User should be able to enter "Sydney","Hotel Creek","Double","1"........passed
And User should be able to enter "19/03/2021","20/03/2021" dates............passed
And User should be able to enter "2","1" number.............................passed
And User should be able to click Search.....................................passed
And User should be able to select hotel.....................................passed
Then User click continue button.............................................passed
]]></system-out>
</testcase>
</testsuite>
